-2022-09-23 00:04:55.507 INFO  [Thread-8] org.springframework.orm.jpa.LocalContainerEntityManagerFactoryBean - Closing JPA EntityManagerFactory for persistence unit 'default'
-2022-09-23 00:04:55.651 INFO  [restartedMain] com.example.myvocab.MyvocabApplication - Starting MyvocabApplication using Java 17.0.3.1 on DESKTOP-FOHL712 with PID 9488 (C:\Work\02.stepup\01.intern\01.vocab-project\target\classes started by Tran Ngoc Quan in C:\Work\02.stepup\01.intern\01.vocab-project)
-2022-09-23 00:04:55.651 INFO  [restartedMain] com.example.myvocab.MyvocabApplication - No active profile set, falling back to 1 default profile: "default"
-2022-09-23 00:04:55.939 INFO  [restartedMain] org.springframework.data.repository.config.RepositoryConfigurationDelegate - Bootstrapping Spring Data JPA repositories in DEFAULT mode.
-2022-09-23 00:04:55.993 INFO  [restartedMain] org.springframework.data.repository.config.RepositoryConfigurationDelegate - Finished Spring Data repository scanning in 52 ms. Found 19 JPA repository interfaces.
-2022-09-23 00:04:56.118 INFO  [restartedMain] org.springframework.context.support.PostProcessorRegistrationDelegate$BeanPostProcessorChecker - Bean 'methodSecurityConfig' of type [com.example.myvocab.config.MethodSecurityConfig$$EnhancerBySpringCGLIB$$85a0f11b] is not eligible for getting processed by all BeanPostProcessors (for example: not eligible for auto-proxying)
-2022-09-23 00:04:56.168 INFO  [restartedMain] org.springframework.boot.web.embedded.tomcat.TomcatWebServer - Tomcat initialized with port(s): 8080 (http)
-2022-09-23 00:04:56.169 INFO  [restartedMain] org.apache.catalina.core.StandardService - Starting service [Tomcat]
-2022-09-23 00:04:56.169 INFO  [restartedMain] org.apache.catalina.core.StandardEngine - Starting Servlet engine: [Apache Tomcat/9.0.63]
-2022-09-23 00:04:56.193 INFO  [restartedMain] org.apache.catalina.core.ContainerBase.[Tomcat].[localhost].[/] - Initializing Spring embedded WebApplicationContext
-2022-09-23 00:04:56.193 INFO  [restartedMain] org.springframework.boot.web.servlet.context.ServletWebServerApplicationContext - Root WebApplicationContext: initialization completed in 538 ms
-2022-09-23 00:04:56.227 INFO  [restartedMain] org.springframework.boot.autoconfigure.h2.H2ConsoleAutoConfiguration - H2 console available at '/h2-console'. Database available at 'jdbc:mysql://localhost:8085/vocabcreate'
-2022-09-23 00:04:56.316 INFO  [restartedMain] org.hibernate.jpa.internal.util.LogHelper - HHH000204: Processing PersistenceUnitInfo [name: default]
-2022-09-23 00:04:56.339 INFO  [restartedMain] org.hibernate.dialect.Dialect - HHH000400: Using dialect: org.hibernate.dialect.MySQL8Dialect
-2022-09-23 00:04:56.746 INFO  [restartedMain] org.hibernate.engine.transaction.jta.platform.internal.JtaPlatformInitiator - HHH000490: Using JtaPlatform implementation: [org.hibernate.engine.transaction.jta.platform.internal.NoJtaPlatform]
-2022-09-23 00:04:56.746 INFO  [restartedMain] org.springframework.orm.jpa.LocalContainerEntityManagerFactoryBean - Initialized JPA EntityManagerFactory for persistence unit 'default'
-2022-09-23 00:04:56.917 WARN  [restartedMain] org.springframework.boot.autoconfigure.orm.jpa.JpaBaseConfiguration$JpaWebConfiguration - spring.jpa.open-in-view is enabled by default. Therefore, database queries may be performed during view rendering. Explicitly configure spring.jpa.open-in-view to disable this warning
-2022-09-23 00:04:57.484 INFO  [restartedMain] org.springframework.security.web.DefaultSecurityFilterChain - Will secure any request with [org.springframework.security.web.session.DisableEncodeUrlFilter@50a538f7, org.springframework.security.web.context.request.async.WebAsyncManagerIntegrationFilter@368fcaa9, org.springframework.security.web.context.SecurityContextPersistenceFilter@d11bf79, org.springframework.security.web.header.HeaderWriterFilter@13d06756, org.springframework.security.web.authentication.logout.LogoutFilter@461e65ff, com.example.myvocab.security.FilterCustom@32518980, org.springframework.security.web.authentication.UsernamePasswordAuthenticationFilter@b068666, org.springframework.security.web.savedrequest.RequestCacheAwareFilter@598af8b2, org.springframework.security.web.servletapi.SecurityContextHolderAwareRequestFilter@49f0ce02, org.springframework.security.web.authentication.AnonymousAuthenticationFilter@397316eb, org.springframework.security.web.session.SessionManagementFilter@1622fcc6, org.springframework.security.web.access.ExceptionTranslationFilter@70849970, org.springframework.security.web.access.intercept.FilterSecurityInterceptor@783ef9ba]
-2022-09-23 00:04:57.664 INFO  [restartedMain] org.springframework.boot.devtools.autoconfigure.OptionalLiveReloadServer - LiveReload server is running on port 35729
-2022-09-23 00:04:57.678 INFO  [restartedMain] org.springframework.boot.web.embedded.tomcat.TomcatWebServer - Tomcat started on port(s): 8080 (http) with context path ''
-2022-09-23 00:04:57.682 INFO  [restartedMain] org.springframework.scheduling.annotation.ScheduledAnnotationBeanPostProcessor - No TaskScheduler/ScheduledExecutorService bean found for scheduled processing
-2022-09-23 00:04:57.683 INFO  [restartedMain] com.example.myvocab.MyvocabApplication - Started MyvocabApplication in 2.081 seconds (JVM running for 4237.741)
-2022-09-23 00:07:05.266 INFO  [restartedMain] com.example.myvocab.MyvocabApplication - Starting MyvocabApplication using Java 17.0.3.1 on DESKTOP-FOHL712 with PID 7728 (C:\Work\02.stepup\01.intern\01.vocab-project\target\classes started by Tran Ngoc Quan in C:\Work\02.stepup\01.intern\01.vocab-project)
-2022-09-23 00:07:05.268 INFO  [restartedMain] com.example.myvocab.MyvocabApplication - No active profile set, falling back to 1 default profile: "default"
-2022-09-23 00:07:05.322 INFO  [restartedMain] org.springframework.boot.devtools.env.DevToolsPropertyDefaultsPostProcessor - Devtools property defaults active! Set 'spring.devtools.add-properties' to 'false' to disable
-2022-09-23 00:07:05.323 INFO  [restartedMain] org.springframework.boot.devtools.env.DevToolsPropertyDefaultsPostProcessor - For additional web related logging consider setting the 'logging.level.web' property to 'DEBUG'
-2022-09-23 00:07:05.989 INFO  [restartedMain] org.springframework.data.repository.config.RepositoryConfigurationDelegate - Bootstrapping Spring Data JPA repositories in DEFAULT mode.
-2022-09-23 00:07:06.111 INFO  [restartedMain] org.springframework.data.repository.config.RepositoryConfigurationDelegate - Finished Spring Data repository scanning in 112 ms. Found 19 JPA repository interfaces.
-2022-09-23 00:07:06.643 INFO  [restartedMain] org.springframework.context.support.PostProcessorRegistrationDelegate$BeanPostProcessorChecker - Bean 'methodSecurityConfig' of type [com.example.myvocab.config.MethodSecurityConfig$$EnhancerBySpringCGLIB$$5265dfed] is not eligible for getting processed by all BeanPostProcessors (for example: not eligible for auto-proxying)
-2022-09-23 00:07:06.981 INFO  [restartedMain] org.springframework.boot.web.embedded.tomcat.TomcatWebServer - Tomcat initialized with port(s): 8080 (http)
-2022-09-23 00:07:06.990 INFO  [restartedMain] org.apache.catalina.core.StandardService - Starting service [Tomcat]
-2022-09-23 00:07:06.990 INFO  [restartedMain] org.apache.catalina.core.StandardEngine - Starting Servlet engine: [Apache Tomcat/9.0.63]
-2022-09-23 00:07:07.099 INFO  [restartedMain] org.apache.catalina.core.ContainerBase.[Tomcat].[localhost].[/] - Initializing Spring embedded WebApplicationContext
-2022-09-23 00:07:07.099 INFO  [restartedMain] org.springframework.boot.web.servlet.context.ServletWebServerApplicationContext - Root WebApplicationContext: initialization completed in 1776 ms
-2022-09-23 00:07:07.445 INFO  [restartedMain] org.springframework.boot.autoconfigure.h2.H2ConsoleAutoConfiguration - H2 console available at '/h2-console'. Database available at 'jdbc:mysql://localhost:8085/googleapi'
-2022-09-23 00:07:07.758 INFO  [restartedMain] org.hibernate.jpa.internal.util.LogHelper - HHH000204: Processing PersistenceUnitInfo [name: default]
-2022-09-23 00:07:07.797 INFO  [restartedMain] org.hibernate.Version - HHH000412: Hibernate ORM core version 5.6.9.Final
-2022-09-23 00:07:07.917 INFO  [restartedMain] org.hibernate.annotations.common.Version - HCANN000001: Hibernate Commons Annotations {5.1.2.Final}
-2022-09-23 00:07:08.038 INFO  [restartedMain] org.hibernate.dialect.Dialect - HHH000400: Using dialect: org.hibernate.dialect.MySQL8Dialect
-2022-09-23 00:07:08.069 INFO  [restartedMain] Hibernate Types - This framework is proudly powered by:

>>>>>>>>>>>>>>>>>>>>>>>>>>>>>>>>>>>>>>>>>>>>>>>>>>>>>>>>>>>>>>>>
 _    _                           _     _
| |  | |                         (_)   | |
| |__| |_   _ _ __   ___ _ __ ___ _ ___| |_ ___ _ __   ___ ___
|  __  | | | | '_ \ / _ \ '__/ __| / __| __/ _ \ '_ \ / __/ _ \
| |  | | |_| | |_) |  __/ |  \__ \ \__ \ ||  __/ | | | (_|  __/
|_|  |_|\__, | .__/ \___|_|  |___/_|___/\__\___|_| |_|\___\___|
         __/ | |
        |___/|_|

At Hypersistence, we only build amazing tools, like Hibernate Types, Flexy Pool, or Hypersistence Optimizer.

What if there were a tool that could automatically detect JPA and Hibernate performance issues?

Hypersistence Optimizer is that tool! For more details, go to: 

https://vladmihalcea.com/hypersistence-optimizer/
<<<<<<<<<<<<<<<<<<<<<<<<<<<<<<<<<<<<<<<<<<<<<<<<<<<<<<<<<<<<<<<<

-2022-09-23 00:07:12.745 INFO  [restartedMain] org.hibernate.engine.transaction.jta.platform.internal.JtaPlatformInitiator - HHH000490: Using JtaPlatform implementation: [org.hibernate.engine.transaction.jta.platform.internal.NoJtaPlatform]
-2022-09-23 00:07:12.753 INFO  [restartedMain] org.springframework.orm.jpa.LocalContainerEntityManagerFactoryBean - Initialized JPA EntityManagerFactory for persistence unit 'default'
-2022-09-23 00:07:13.328 WARN  [restartedMain] org.springframework.boot.autoconfigure.orm.jpa.JpaBaseConfiguration$JpaWebConfiguration - spring.jpa.open-in-view is enabled by default. Therefore, database queries may be performed during view rendering. Explicitly configure spring.jpa.open-in-view to disable this warning
-2022-09-23 00:07:14.160 INFO  [restartedMain] org.springframework.security.web.DefaultSecurityFilterChain - Will secure any request with [org.springframework.security.web.session.DisableEncodeUrlFilter@4017cbdd, org.springframework.security.web.context.request.async.WebAsyncManagerIntegrationFilter@65e034bd, org.springframework.security.web.context.SecurityContextPersistenceFilter@4653c042, org.springframework.security.web.header.HeaderWriterFilter@76d64add, org.springframework.security.web.authentication.logout.LogoutFilter@1ec0aa69, com.example.myvocab.security.FilterCustom@4952020e, org.springframework.security.web.authentication.UsernamePasswordAuthenticationFilter@48bdfc0, org.springframework.security.web.savedrequest.RequestCacheAwareFilter@5175870b, org.springframework.security.web.servletapi.SecurityContextHolderAwareRequestFilter@248894ca, org.springframework.security.web.authentication.AnonymousAuthenticationFilter@2c9e25d, org.springframework.security.web.session.SessionManagementFilter@7e207b3, org.springframework.security.web.access.ExceptionTranslationFilter@13554ecc, org.springframework.security.web.access.intercept.FilterSecurityInterceptor@363851d]
-2022-09-23 00:07:14.713 INFO  [restartedMain] org.springframework.boot.devtools.autoconfigure.OptionalLiveReloadServer - LiveReload server is running on port 35729
-2022-09-23 00:07:14.748 INFO  [restartedMain] org.springframework.boot.web.embedded.tomcat.TomcatWebServer - Tomcat started on port(s): 8080 (http) with context path ''
-2022-09-23 00:07:14.763 INFO  [restartedMain] org.springframework.scheduling.annotation.ScheduledAnnotationBeanPostProcessor - No TaskScheduler/ScheduledExecutorService bean found for scheduled processing
-2022-09-23 00:07:14.771 INFO  [restartedMain] com.example.myvocab.MyvocabApplication - Started MyvocabApplication in 10.049 seconds (JVM running for 10.845)
-2022-09-23 00:07:29.839 INFO  [restartedMain] org.springframework.boot.autoconfigure.logging.ConditionEvaluationReportLoggingListener - 

Error starting ApplicationContext. To display the conditions report re-run your application with 'debug' enabled.
-2022-09-23 00:07:29.868 ERROR [restartedMain] org.springframework.boot.SpringApplication - Application run failed
java.lang.IllegalStateException: Failed to execute CommandLineRunner
	at org.springframework.boot.SpringApplication.callRunner(SpringApplication.java:774)
	at org.springframework.boot.SpringApplication.callRunners(SpringApplication.java:755)
	at org.springframework.boot.SpringApplication.run(SpringApplication.java:315)
	at org.springframework.boot.SpringApplication.run(SpringApplication.java:1306)
	at org.springframework.boot.SpringApplication.run(SpringApplication.java:1295)
	at com.example.myvocab.MyvocabApplication.main(MyvocabApplication.java:31)
	at java.base/jdk.internal.reflect.NativeMethodAccessorImpl.invoke0(Native Method)
	at java.base/jdk.internal.reflect.NativeMethodAccessorImpl.invoke(NativeMethodAccessorImpl.java:77)
	at java.base/jdk.internal.reflect.DelegatingMethodAccessorImpl.invoke(DelegatingMethodAccessorImpl.java:43)
	at java.base/java.lang.reflect.Method.invoke(Method.java:568)
	at org.springframework.boot.devtools.restart.RestartLauncher.run(RestartLauncher.java:49)
Caused by: org.springframework.jdbc.BadSqlGrammarException: PreparedStatementCallback; bad SQL grammar [INSERT INTO vocab (id, word, img, type, audio, phonetic, enMeaning, vnMeaning, enSentence, vnSentence, senAudio) VALUES(?, ?, ?, ?, ?, ?, ?, ?, ?, ?, ?)]; nested exception is java.sql.SQLSyntaxErrorException: Unknown column 'enMeaning' in 'field list'
	at org.springframework.jdbc.support.SQLErrorCodeSQLExceptionTranslator.doTranslate(SQLErrorCodeSQLExceptionTranslator.java:239)
	at org.springframework.jdbc.support.AbstractFallbackSQLExceptionTranslator.translate(AbstractFallbackSQLExceptionTranslator.java:70)
	at org.springframework.jdbc.core.JdbcTemplate.translateException(JdbcTemplate.java:1541)
	at org.springframework.jdbc.core.JdbcTemplate.execute(JdbcTemplate.java:667)
	at org.springframework.jdbc.core.JdbcTemplate.update(JdbcTemplate.java:960)
	at org.springframework.jdbc.core.JdbcTemplate.update(JdbcTemplate.java:1015)
	at org.springframework.jdbc.core.JdbcTemplate.update(JdbcTemplate.java:1020)
	at org.springframework.jdbc.core.simple.AbstractJdbcInsert.executeInsertInternal(AbstractJdbcInsert.java:358)
	at org.springframework.jdbc.core.simple.AbstractJdbcInsert.doExecute(AbstractJdbcInsert.java:348)
	at org.springframework.jdbc.core.simple.SimpleJdbcInsert.execute(SimpleJdbcInsert.java:122)
	at com.example.myvocab.MyvocabApplication.run(MyvocabApplication.java:82)
	at org.springframework.boot.SpringApplication.callRunner(SpringApplication.java:771)
	... 10 common frames omitted
Caused by: java.sql.SQLSyntaxErrorException: Unknown column 'enMeaning' in 'field list'
	at com.mysql.cj.jdbc.exceptions.SQLError.createSQLException(SQLError.java:120)
	at com.mysql.cj.jdbc.exceptions.SQLExceptionsMapping.translateException(SQLExceptionsMapping.java:122)
	at com.mysql.cj.jdbc.ClientPreparedStatement.executeInternal(ClientPreparedStatement.java:916)
	at com.mysql.cj.jdbc.ClientPreparedStatement.executeUpdateInternal(ClientPreparedStatement.java:1061)
	at com.mysql.cj.jdbc.ClientPreparedStatement.executeUpdateInternal(ClientPreparedStatement.java:1009)
	at com.mysql.cj.jdbc.ClientPreparedStatement.executeLargeUpdate(ClientPreparedStatement.java:1320)
	at com.mysql.cj.jdbc.ClientPreparedStatement.executeUpdate(ClientPreparedStatement.java:994)
	at org.springframework.jdbc.core.JdbcTemplate.lambda$update$2(JdbcTemplate.java:965)
	at org.springframework.jdbc.core.JdbcTemplate.execute(JdbcTemplate.java:651)
	... 18 common frames omitted
-2022-09-23 00:07:29.896 INFO  [restartedMain] org.springframework.orm.jpa.LocalContainerEntityManagerFactoryBean - Closing JPA EntityManagerFactory for persistence unit 'default'
-2022-09-23 00:36:28.247 INFO  [restartedMain] com.example.myvocab.MyvocabApplication - Starting MyvocabApplication using Java 17.0.3.1 on DESKTOP-FOHL712 with PID 11240 (C:\Work\02.stepup\01.intern\01.vocab-project\target\classes started by Tran Ngoc Quan in C:\Work\02.stepup\01.intern\01.vocab-project)
-2022-09-23 00:36:28.248 INFO  [restartedMain] com.example.myvocab.MyvocabApplication - No active profile set, falling back to 1 default profile: "default"
-2022-09-23 00:36:28.295 INFO  [restartedMain] org.springframework.boot.devtools.env.DevToolsPropertyDefaultsPostProcessor - Devtools property defaults active! Set 'spring.devtools.add-properties' to 'false' to disable
-2022-09-23 00:36:28.296 INFO  [restartedMain] org.springframework.boot.devtools.env.DevToolsPropertyDefaultsPostProcessor - For additional web related logging consider setting the 'logging.level.web' property to 'DEBUG'
-2022-09-23 00:36:29.014 INFO  [restartedMain] org.springframework.data.repository.config.RepositoryConfigurationDelegate - Bootstrapping Spring Data JPA repositories in DEFAULT mode.
-2022-09-23 00:36:29.127 INFO  [restartedMain] org.springframework.data.repository.config.RepositoryConfigurationDelegate - Finished Spring Data repository scanning in 105 ms. Found 19 JPA repository interfaces.
-2022-09-23 00:36:29.708 INFO  [restartedMain] org.springframework.context.support.PostProcessorRegistrationDelegate$BeanPostProcessorChecker - Bean 'methodSecurityConfig' of type [com.example.myvocab.config.MethodSecurityConfig$$EnhancerBySpringCGLIB$$68c8be2c] is not eligible for getting processed by all BeanPostProcessors (for example: not eligible for auto-proxying)
-2022-09-23 00:36:30.040 INFO  [restartedMain] org.springframework.boot.web.embedded.tomcat.TomcatWebServer - Tomcat initialized with port(s): 8080 (http)
-2022-09-23 00:36:30.048 INFO  [restartedMain] org.apache.catalina.core.StandardService - Starting service [Tomcat]
-2022-09-23 00:36:30.048 INFO  [restartedMain] org.apache.catalina.core.StandardEngine - Starting Servlet engine: [Apache Tomcat/9.0.63]
-2022-09-23 00:36:30.141 INFO  [restartedMain] org.apache.catalina.core.ContainerBase.[Tomcat].[localhost].[/] - Initializing Spring embedded WebApplicationContext
-2022-09-23 00:36:30.141 INFO  [restartedMain] org.springframework.boot.web.servlet.context.ServletWebServerApplicationContext - Root WebApplicationContext: initialization completed in 1844 ms
-2022-09-23 00:36:30.444 INFO  [restartedMain] org.springframework.boot.autoconfigure.h2.H2ConsoleAutoConfiguration - H2 console available at '/h2-console'. Database available at 'jdbc:mysql://localhost:8085/googleapi'
-2022-09-23 00:36:30.626 INFO  [restartedMain] org.hibernate.jpa.internal.util.LogHelper - HHH000204: Processing PersistenceUnitInfo [name: default]
-2022-09-23 00:36:30.667 INFO  [restartedMain] org.hibernate.Version - HHH000412: Hibernate ORM core version 5.6.9.Final
-2022-09-23 00:36:30.784 INFO  [restartedMain] org.hibernate.annotations.common.Version - HCANN000001: Hibernate Commons Annotations {5.1.2.Final}
-2022-09-23 00:36:30.893 INFO  [restartedMain] org.hibernate.dialect.Dialect - HHH000400: Using dialect: org.hibernate.dialect.MySQL8Dialect
-2022-09-23 00:36:30.931 INFO  [restartedMain] Hibernate Types - This framework is proudly powered by:

>>>>>>>>>>>>>>>>>>>>>>>>>>>>>>>>>>>>>>>>>>>>>>>>>>>>>>>>>>>>>>>>
 _    _                           _     _
| |  | |                         (_)   | |
| |__| |_   _ _ __   ___ _ __ ___ _ ___| |_ ___ _ __   ___ ___
|  __  | | | | '_ \ / _ \ '__/ __| / __| __/ _ \ '_ \ / __/ _ \
| |  | | |_| | |_) |  __/ |  \__ \ \__ \ ||  __/ | | | (_|  __/
|_|  |_|\__, | .__/ \___|_|  |___/_|___/\__\___|_| |_|\___\___|
         __/ | |
        |___/|_|

At Hypersistence, we only build amazing tools, like Hibernate Types, Flexy Pool, or Hypersistence Optimizer.

What if there were a tool that could automatically detect JPA and Hibernate performance issues?

Hypersistence Optimizer is that tool! For more details, go to: 

https://vladmihalcea.com/hypersistence-optimizer/
<<<<<<<<<<<<<<<<<<<<<<<<<<<<<<<<<<<<<<<<<<<<<<<<<<<<<<<<<<<<<<<<

-2022-09-23 00:36:31.999 INFO  [restartedMain] org.hibernate.engine.transaction.jta.platform.internal.JtaPlatformInitiator - HHH000490: Using JtaPlatform implementation: [org.hibernate.engine.transaction.jta.platform.internal.NoJtaPlatform]
-2022-09-23 00:36:32.006 INFO  [restartedMain] org.springframework.orm.jpa.LocalContainerEntityManagerFactoryBean - Initialized JPA EntityManagerFactory for persistence unit 'default'
-2022-09-23 00:36:32.501 WARN  [restartedMain] org.springframework.boot.autoconfigure.orm.jpa.JpaBaseConfiguration$JpaWebConfiguration - spring.jpa.open-in-view is enabled by default. Therefore, database queries may be performed during view rendering. Explicitly configure spring.jpa.open-in-view to disable this warning
-2022-09-23 00:36:33.328 INFO  [restartedMain] org.springframework.security.web.DefaultSecurityFilterChain - Will secure any request with [org.springframework.security.web.session.DisableEncodeUrlFilter@3184ad6b, org.springframework.security.web.context.request.async.WebAsyncManagerIntegrationFilter@3529270c, org.springframework.security.web.context.SecurityContextPersistenceFilter@568f7e57, org.springframework.security.web.header.HeaderWriterFilter@573cd45, org.springframework.security.web.authentication.logout.LogoutFilter@622fcb7c, com.example.myvocab.security.FilterCustom@3ce63212, org.springframework.security.web.authentication.UsernamePasswordAuthenticationFilter@3e034ecb, org.springframework.security.web.savedrequest.RequestCacheAwareFilter@2bd3e2c5, org.springframework.security.web.servletapi.SecurityContextHolderAwareRequestFilter@3d8dc068, org.springframework.security.web.authentication.AnonymousAuthenticationFilter@4f37173d, org.springframework.security.web.session.SessionManagementFilter@679a7a7b, org.springframework.security.web.access.ExceptionTranslationFilter@7d74bda0, org.springframework.security.web.access.intercept.FilterSecurityInterceptor@32166178]
-2022-09-23 00:36:33.885 INFO  [restartedMain] org.springframework.boot.devtools.autoconfigure.OptionalLiveReloadServer - LiveReload server is running on port 35729
-2022-09-23 00:36:33.919 INFO  [restartedMain] org.springframework.boot.web.embedded.tomcat.TomcatWebServer - Tomcat started on port(s): 8080 (http) with context path ''
-2022-09-23 00:36:33.933 INFO  [restartedMain] org.springframework.scheduling.annotation.ScheduledAnnotationBeanPostProcessor - No TaskScheduler/ScheduledExecutorService bean found for scheduled processing
-2022-09-23 00:36:33.941 INFO  [restartedMain] com.example.myvocab.MyvocabApplication - Started MyvocabApplication in 6.168 seconds (JVM running for 7.26)
-2022-09-23 00:36:48.219 INFO  [restartedMain] org.springframework.boot.autoconfigure.logging.ConditionEvaluationReportLoggingListener - 

Error starting ApplicationContext. To display the conditions report re-run your application with 'debug' enabled.
-2022-09-23 00:36:48.250 ERROR [restartedMain] org.springframework.boot.SpringApplication - Application run failed
java.lang.IllegalStateException: Failed to execute CommandLineRunner
	at org.springframework.boot.SpringApplication.callRunner(SpringApplication.java:774)
	at org.springframework.boot.SpringApplication.callRunners(SpringApplication.java:755)
	at org.springframework.boot.SpringApplication.run(SpringApplication.java:315)
	at org.springframework.boot.SpringApplication.run(SpringApplication.java:1306)
	at org.springframework.boot.SpringApplication.run(SpringApplication.java:1295)
	at com.example.myvocab.MyvocabApplication.main(MyvocabApplication.java:34)
	at java.base/jdk.internal.reflect.NativeMethodAccessorImpl.invoke0(Native Method)
	at java.base/jdk.internal.reflect.NativeMethodAccessorImpl.invoke(NativeMethodAccessorImpl.java:77)
	at java.base/jdk.internal.reflect.DelegatingMethodAccessorImpl.invoke(DelegatingMethodAccessorImpl.java:43)
	at java.base/java.lang.reflect.Method.invoke(Method.java:568)
	at org.springframework.boot.devtools.restart.RestartLauncher.run(RestartLauncher.java:49)
Caused by: java.lang.NullPointerException: Cannot invoke "org.springframework.jdbc.core.JdbcTemplate.batchUpdate(String, org.springframework.jdbc.core.BatchPreparedStatementSetter)" because "this.jdbcTemplate" is null
	at com.example.myvocab.googleapi.SheetDataService.batchInsertVocab(SheetDataService.java:74)
	at com.example.myvocab.googleapi.SheetDataService.renderVocabFromGoogleSheetToDatabase(SheetDataService.java:27)
	at com.example.myvocab.MyvocabApplication.run(MyvocabApplication.java:46)
	at org.springframework.boot.SpringApplication.callRunner(SpringApplication.java:771)
	... 10 common frames omitted
-2022-09-23 00:36:48.291 INFO  [restartedMain] org.springframework.orm.jpa.LocalContainerEntityManagerFactoryBean - Closing JPA EntityManagerFactory for persistence unit 'default'
-2022-09-23 00:39:08.286 INFO  [restartedMain] com.example.myvocab.MyvocabApplication - Starting MyvocabApplication using Java 17.0.3.1 on DESKTOP-FOHL712 with PID 5740 (C:\Work\02.stepup\01.intern\01.vocab-project\target\classes started by Tran Ngoc Quan in C:\Work\02.stepup\01.intern\01.vocab-project)
-2022-09-23 00:39:08.288 INFO  [restartedMain] com.example.myvocab.MyvocabApplication - No active profile set, falling back to 1 default profile: "default"
-2022-09-23 00:39:08.359 INFO  [restartedMain] org.springframework.boot.devtools.env.DevToolsPropertyDefaultsPostProcessor - Devtools property defaults active! Set 'spring.devtools.add-properties' to 'false' to disable
-2022-09-23 00:39:08.360 INFO  [restartedMain] org.springframework.boot.devtools.env.DevToolsPropertyDefaultsPostProcessor - For additional web related logging consider setting the 'logging.level.web' property to 'DEBUG'
-2022-09-23 00:39:09.190 INFO  [restartedMain] org.springframework.data.repository.config.RepositoryConfigurationDelegate - Bootstrapping Spring Data JPA repositories in DEFAULT mode.
-2022-09-23 00:39:09.290 INFO  [restartedMain] org.springframework.data.repository.config.RepositoryConfigurationDelegate - Finished Spring Data repository scanning in 93 ms. Found 19 JPA repository interfaces.
-2022-09-23 00:39:09.771 INFO  [restartedMain] org.springframework.context.support.PostProcessorRegistrationDelegate$BeanPostProcessorChecker - Bean 'methodSecurityConfig' of type [com.example.myvocab.config.MethodSecurityConfig$$EnhancerBySpringCGLIB$$3c0fca6d] is not eligible for getting processed by all BeanPostProcessors (for example: not eligible for auto-proxying)
-2022-09-23 00:39:10.112 INFO  [restartedMain] org.springframework.boot.web.embedded.tomcat.TomcatWebServer - Tomcat initialized with port(s): 8080 (http)
-2022-09-23 00:39:10.119 INFO  [restartedMain] org.apache.catalina.core.StandardService - Starting service [Tomcat]
-2022-09-23 00:39:10.119 INFO  [restartedMain] org.apache.catalina.core.StandardEngine - Starting Servlet engine: [Apache Tomcat/9.0.63]
-2022-09-23 00:39:10.230 INFO  [restartedMain] org.apache.catalina.core.ContainerBase.[Tomcat].[localhost].[/] - Initializing Spring embedded WebApplicationContext
-2022-09-23 00:39:10.231 INFO  [restartedMain] org.springframework.boot.web.servlet.context.ServletWebServerApplicationContext - Root WebApplicationContext: initialization completed in 1869 ms
-2022-09-23 00:39:10.538 INFO  [restartedMain] org.springframework.boot.autoconfigure.h2.H2ConsoleAutoConfiguration - H2 console available at '/h2-console'. Database available at 'jdbc:mysql://localhost:8085/googleapi'
-2022-09-23 00:39:10.774 INFO  [restartedMain] org.hibernate.jpa.internal.util.LogHelper - HHH000204: Processing PersistenceUnitInfo [name: default]
-2022-09-23 00:39:10.816 INFO  [restartedMain] org.hibernate.Version - HHH000412: Hibernate ORM core version 5.6.9.Final
-2022-09-23 00:39:11.062 INFO  [restartedMain] org.hibernate.annotations.common.Version - HCANN000001: Hibernate Commons Annotations {5.1.2.Final}
-2022-09-23 00:39:11.221 INFO  [restartedMain] org.hibernate.dialect.Dialect - HHH000400: Using dialect: org.hibernate.dialect.MySQL8Dialect
-2022-09-23 00:39:11.258 INFO  [restartedMain] Hibernate Types - This framework is proudly powered by:

>>>>>>>>>>>>>>>>>>>>>>>>>>>>>>>>>>>>>>>>>>>>>>>>>>>>>>>>>>>>>>>>
 _    _                           _     _
| |  | |                         (_)   | |
| |__| |_   _ _ __   ___ _ __ ___ _ ___| |_ ___ _ __   ___ ___
|  __  | | | | '_ \ / _ \ '__/ __| / __| __/ _ \ '_ \ / __/ _ \
| |  | | |_| | |_) |  __/ |  \__ \ \__ \ ||  __/ | | | (_|  __/
|_|  |_|\__, | .__/ \___|_|  |___/_|___/\__\___|_| |_|\___\___|
         __/ | |
        |___/|_|

At Hypersistence, we only build amazing tools, like Hibernate Types, Flexy Pool, or Hypersistence Optimizer.

What if there were a tool that could automatically detect JPA and Hibernate performance issues?

Hypersistence Optimizer is that tool! For more details, go to: 

https://vladmihalcea.com/hypersistence-optimizer/
<<<<<<<<<<<<<<<<<<<<<<<<<<<<<<<<<<<<<<<<<<<<<<<<<<<<<<<<<<<<<<<<

-2022-09-23 00:39:12.616 INFO  [restartedMain] org.hibernate.engine.transaction.jta.platform.internal.JtaPlatformInitiator - HHH000490: Using JtaPlatform implementation: [org.hibernate.engine.transaction.jta.platform.internal.NoJtaPlatform]
-2022-09-23 00:39:12.623 INFO  [restartedMain] org.springframework.orm.jpa.LocalContainerEntityManagerFactoryBean - Initialized JPA EntityManagerFactory for persistence unit 'default'
-2022-09-23 00:39:13.196 WARN  [restartedMain] org.springframework.boot.autoconfigure.orm.jpa.JpaBaseConfiguration$JpaWebConfiguration - spring.jpa.open-in-view is enabled by default. Therefore, database queries may be performed during view rendering. Explicitly configure spring.jpa.open-in-view to disable this warning
-2022-09-23 00:39:14.480 INFO  [restartedMain] org.springframework.security.web.DefaultSecurityFilterChain - Will secure any request with [org.springframework.security.web.session.DisableEncodeUrlFilter@56031cab, org.springframework.security.web.context.request.async.WebAsyncManagerIntegrationFilter@6fd17c9c, org.springframework.security.web.context.SecurityContextPersistenceFilter@6f3a3e2d, org.springframework.security.web.header.HeaderWriterFilter@24d3ad72, org.springframework.security.web.authentication.logout.LogoutFilter@1118808, com.example.myvocab.security.FilterCustom@1ad28a0a, org.springframework.security.web.authentication.UsernamePasswordAuthenticationFilter@704b69, org.springframework.security.web.savedrequest.RequestCacheAwareFilter@48abb5f6, org.springframework.security.web.servletapi.SecurityContextHolderAwareRequestFilter@6409444d, org.springframework.security.web.authentication.AnonymousAuthenticationFilter@a9f77cf, org.springframework.security.web.session.SessionManagementFilter@aabece0, org.springframework.security.web.access.ExceptionTranslationFilter@2a1ee8e1, org.springframework.security.web.access.intercept.FilterSecurityInterceptor@30cf9456]
-2022-09-23 00:39:15.423 INFO  [restartedMain] org.springframework.boot.devtools.autoconfigure.OptionalLiveReloadServer - LiveReload server is running on port 35729
-2022-09-23 00:39:15.476 INFO  [restartedMain] org.springframework.boot.web.embedded.tomcat.TomcatWebServer - Tomcat started on port(s): 8080 (http) with context path ''
-2022-09-23 00:39:15.497 INFO  [restartedMain] org.springframework.scheduling.annotation.ScheduledAnnotationBeanPostProcessor - No TaskScheduler/ScheduledExecutorService bean found for scheduled processing
-2022-09-23 00:39:15.508 INFO  [restartedMain] com.example.myvocab.MyvocabApplication - Started MyvocabApplication in 7.74 seconds (JVM running for 8.449)
-2022-09-23 00:43:08.213 INFO  [restartedMain] com.example.myvocab.MyvocabApplication - Starting MyvocabApplication using Java 17.0.3.1 on DESKTOP-FOHL712 with PID 14240 (C:\Work\02.stepup\01.intern\01.vocab-project\target\classes started by Tran Ngoc Quan in C:\Work\02.stepup\01.intern\01.vocab-project)
-2022-09-23 00:43:08.215 INFO  [restartedMain] com.example.myvocab.MyvocabApplication - No active profile set, falling back to 1 default profile: "default"
-2022-09-23 00:43:08.264 INFO  [restartedMain] org.springframework.boot.devtools.env.DevToolsPropertyDefaultsPostProcessor - Devtools property defaults active! Set 'spring.devtools.add-properties' to 'false' to disable
-2022-09-23 00:43:08.264 INFO  [restartedMain] org.springframework.boot.devtools.env.DevToolsPropertyDefaultsPostProcessor - For additional web related logging consider setting the 'logging.level.web' property to 'DEBUG'
-2022-09-23 00:43:08.931 INFO  [restartedMain] org.springframework.data.repository.config.RepositoryConfigurationDelegate - Bootstrapping Spring Data JPA repositories in DEFAULT mode.
-2022-09-23 00:43:09.043 INFO  [restartedMain] org.springframework.data.repository.config.RepositoryConfigurationDelegate - Finished Spring Data repository scanning in 104 ms. Found 19 JPA repository interfaces.
-2022-09-23 00:43:09.614 INFO  [restartedMain] org.springframework.context.support.PostProcessorRegistrationDelegate$BeanPostProcessorChecker - Bean 'methodSecurityConfig' of type [com.example.myvocab.config.MethodSecurityConfig$$EnhancerBySpringCGLIB$$846f8a70] is not eligible for getting processed by all BeanPostProcessors (for example: not eligible for auto-proxying)
-2022-09-23 00:43:09.907 INFO  [restartedMain] org.springframework.boot.web.embedded.tomcat.TomcatWebServer - Tomcat initialized with port(s): 8080 (http)
-2022-09-23 00:43:09.915 INFO  [restartedMain] org.apache.catalina.core.StandardService - Starting service [Tomcat]
-2022-09-23 00:43:09.915 INFO  [restartedMain] org.apache.catalina.core.StandardEngine - Starting Servlet engine: [Apache Tomcat/9.0.63]
-2022-09-23 00:43:10.002 INFO  [restartedMain] org.apache.catalina.core.ContainerBase.[Tomcat].[localhost].[/] - Initializing Spring embedded WebApplicationContext
-2022-09-23 00:43:10.002 INFO  [restartedMain] org.springframework.boot.web.servlet.context.ServletWebServerApplicationContext - Root WebApplicationContext: initialization completed in 1737 ms
-2022-09-23 00:43:10.333 INFO  [restartedMain] org.springframework.boot.autoconfigure.h2.H2ConsoleAutoConfiguration - H2 console available at '/h2-console'. Database available at 'jdbc:mysql://localhost:8085/googleapi'
-2022-09-23 00:43:10.905 INFO  [restartedMain] org.hibernate.jpa.internal.util.LogHelper - HHH000204: Processing PersistenceUnitInfo [name: default]
-2022-09-23 00:43:10.953 INFO  [restartedMain] org.hibernate.Version - HHH000412: Hibernate ORM core version 5.6.9.Final
-2022-09-23 00:43:11.144 INFO  [restartedMain] org.hibernate.annotations.common.Version - HCANN000001: Hibernate Commons Annotations {5.1.2.Final}
-2022-09-23 00:43:11.299 INFO  [restartedMain] org.hibernate.dialect.Dialect - HHH000400: Using dialect: org.hibernate.dialect.MySQL8Dialect
-2022-09-23 00:43:11.334 INFO  [restartedMain] Hibernate Types - This framework is proudly powered by:

>>>>>>>>>>>>>>>>>>>>>>>>>>>>>>>>>>>>>>>>>>>>>>>>>>>>>>>>>>>>>>>>
 _    _                           _     _
| |  | |                         (_)   | |
| |__| |_   _ _ __   ___ _ __ ___ _ ___| |_ ___ _ __   ___ ___
|  __  | | | | '_ \ / _ \ '__/ __| / __| __/ _ \ '_ \ / __/ _ \
| |  | | |_| | |_) |  __/ |  \__ \ \__ \ ||  __/ | | | (_|  __/
|_|  |_|\__, | .__/ \___|_|  |___/_|___/\__\___|_| |_|\___\___|
         __/ | |
        |___/|_|

At Hypersistence, we only build amazing tools, like Hibernate Types, Flexy Pool, or Hypersistence Optimizer.

What if there were a tool that could automatically detect JPA and Hibernate performance issues?

Hypersistence Optimizer is that tool! For more details, go to: 

https://vladmihalcea.com/hypersistence-optimizer/
<<<<<<<<<<<<<<<<<<<<<<<<<<<<<<<<<<<<<<<<<<<<<<<<<<<<<<<<<<<<<<<<

-2022-09-23 00:43:12.795 INFO  [restartedMain] org.hibernate.engine.transaction.jta.platform.internal.JtaPlatformInitiator - HHH000490: Using JtaPlatform implementation: [org.hibernate.engine.transaction.jta.platform.internal.NoJtaPlatform]
-2022-09-23 00:43:12.803 INFO  [restartedMain] org.springframework.orm.jpa.LocalContainerEntityManagerFactoryBean - Initialized JPA EntityManagerFactory for persistence unit 'default'
-2022-09-23 00:43:13.315 WARN  [restartedMain] org.springframework.boot.autoconfigure.orm.jpa.JpaBaseConfiguration$JpaWebConfiguration - spring.jpa.open-in-view is enabled by default. Therefore, database queries may be performed during view rendering. Explicitly configure spring.jpa.open-in-view to disable this warning
-2022-09-23 00:43:14.362 INFO  [restartedMain] org.springframework.security.web.DefaultSecurityFilterChain - Will secure any request with [org.springframework.security.web.session.DisableEncodeUrlFilter@46016098, org.springframework.security.web.context.request.async.WebAsyncManagerIntegrationFilter@2a159dd4, org.springframework.security.web.context.SecurityContextPersistenceFilter@1118808, org.springframework.security.web.header.HeaderWriterFilter@209658b7, org.springframework.security.web.authentication.logout.LogoutFilter@49b4aa16, com.example.myvocab.security.FilterCustom@32b2c25e, org.springframework.security.web.authentication.UsernamePasswordAuthenticationFilter@1a7b86d4, org.springframework.security.web.savedrequest.RequestCacheAwareFilter@ec7ffa6, org.springframework.security.web.servletapi.SecurityContextHolderAwareRequestFilter@415d3daa, org.springframework.security.web.authentication.AnonymousAuthenticationFilter@35846620, org.springframework.security.web.session.SessionManagementFilter@7e84c760, org.springframework.security.web.access.ExceptionTranslationFilter@140edcc1, org.springframework.security.web.access.intercept.FilterSecurityInterceptor@40432317]
-2022-09-23 00:43:14.962 INFO  [restartedMain] org.springframework.boot.devtools.autoconfigure.OptionalLiveReloadServer - LiveReload server is running on port 35729
-2022-09-23 00:43:14.997 INFO  [restartedMain] org.springframework.boot.web.embedded.tomcat.TomcatWebServer - Tomcat started on port(s): 8080 (http) with context path ''
-2022-09-23 00:43:15.010 INFO  [restartedMain] org.springframework.scheduling.annotation.ScheduledAnnotationBeanPostProcessor - No TaskScheduler/ScheduledExecutorService bean found for scheduled processing
-2022-09-23 00:43:15.017 INFO  [restartedMain] com.example.myvocab.MyvocabApplication - Started MyvocabApplication in 7.284 seconds (JVM running for 7.995)
-2022-09-23 00:43:15.019 INFO  [restartedMain] com.example.myvocab.googleapi.SheetDataService - Start to retrieve Vocab data from GoogleSheet
-2022-09-23 00:43:27.369 INFO  [restartedMain] com.example.myvocab.googleapi.SheetDataService - Render Vocab data to database successfully!
